{"name": "test_wallet_negative[chromium]", "status": "failed", "statusDetails": {"message": "AssertionError", "trace": "self = <Suites.Users_profile.wallet.NegativeWalletTest object at 0x0000021FFC5CC9E0>\n\n    @allure.step('Confirm login')\n    def press_confirm_log_in_button(self):\n        try:\n>           self.confirm_log_in_button.click()\n\nSuites\\Users_profile\\wallet.py:315: \n_ _ _ _ _ _ _ _ _ _ _ _ _ _ _ _ _ _ _ _ _ _ _ _ _ _ _ _ _ _ _ _ _ _ _ _ _ _ _ _ _ _ _ _ _ _ _ _ _ _ _ _ _ _ _ _ _ _ _ _ _ _ _ _ _ _ _ _ _ _ _ _ _ _ _ _ _ _ _ _ _ _ _ _ _ _ _ _ _ _ _ _ _ _ _ _ _ _ _ _ _ _ _ _ _ _ _ _ _ _ _ _ _ _ _ _ _ _ _ _ _ _ _ _ _ _ _ _ _ _\n.venv\\Lib\\site-packages\\playwright\\sync_api\\_generated.py:14851: in click\n    self._sync(\n.venv\\Lib\\site-packages\\playwright\\_impl\\_locator.py:153: in click\n    return await self._frame.click(self._selector, strict=True, **params)\n.venv\\Lib\\site-packages\\playwright\\_impl\\_frame.py:488: in click\n    await self._channel.send(\"click\", locals_to_params(locals()))\n.venv\\Lib\\site-packages\\playwright\\_impl\\_connection.py:59: in send\n    return await self._connection.wrap_api_call(\n_ _ _ _ _ _ _ _ _ _ _ _ _ _ _ _ _ _ _ _ _ _ _ _ _ _ _ _ _ _ _ _ _ _ _ _ _ _ _ _ _ _ _ _ _ _ _ _ _ _ _ _ _ _ _ _ _ _ _ _ _ _ _ _ _ _ _ _ _ _ _ _ _ _ _ _ _ _ _ _ _ _ _ _ _ _ _ _ _ _ _ _ _ _ _ _ _ _ _ _ _ _ _ _ _ _ _ _ _ _ _ _ _ _ _ _ _ _ _ _ _ _ _ _ _ _ _ _ _ _\n\nself = <playwright._impl._connection.Connection object at 0x0000021FFBD93B00>, cb = <function Channel.send.<locals>.<lambda> at 0x0000021FFC5D6980>, is_internal = False\n\n    async def wrap_api_call(\n        self, cb: Callable[[], Any], is_internal: bool = False\n    ) -> Any:\n        if self._api_zone.get():\n            return await cb()\n        task = asyncio.current_task(self._loop)\n        st: List[inspect.FrameInfo] = getattr(task, \"__pw_stack__\", inspect.stack())\n        parsed_st = _extract_stack_trace_information_from_stack(st, is_internal)\n        self._api_zone.set(parsed_st)\n        try:\n            return await cb()\n        except Exception as error:\n>           raise rewrite_error(error, f\"{parsed_st['apiName']}: {error}\") from None\nE           playwright._impl._errors.TimeoutError: Locator.click: Timeout 30000ms exceeded.\nE           Call log:\nE           waiting for locator(\"//button[contains(@class, 'min-w-full') and contains(text(),'Log in')]\")\n\n.venv\\Lib\\site-packages\\playwright\\_impl\\_connection.py:513: TimeoutError\n\nThe above exception was the direct cause of the following exception:\n\npage = <Page url='https://tombriches.com/'>\n\n    @allure.suite(\"Users profile suite\")\n    def test_wallet_negative(page):\n        wallet_negative = NegativeWalletTest(page)\n>       wallet_negative.set_up()\n\ntest_tr_smoke.py:107: \n_ _ _ _ _ _ _ _ _ _ _ _ _ _ _ _ _ _ _ _ _ _ _ _ _ _ _ _ _ _ _ _ _ _ _ _ _ _ _ _ _ _ _ _ _ _ _ _ _ _ _ _ _ _ _ _ _ _ _ _ _ _ _ _ _ _ _ _ _ _ _ _ _ _ _ _ _ _ _ _ _ _ _ _ _ _ _ _ _ _ _ _ _ _ _ _ _ _ _ _ _ _ _ _ _ _ _ _ _ _ _ _ _ _ _ _ _ _ _ _ _ _ _ _ _ _ _ _ _ _\nSuites\\Base\\BaseSetUp.py:81: in set_up\n    self.press_confirm_log_in_button()\n_ _ _ _ _ _ _ _ _ _ _ _ _ _ _ _ _ _ _ _ _ _ _ _ _ _ _ _ _ _ _ _ _ _ _ _ _ _ _ _ _ _ _ _ _ _ _ _ _ _ _ _ _ _ _ _ _ _ _ _ _ _ _ _ _ _ _ _ _ _ _ _ _ _ _ _ _ _ _ _ _ _ _ _ _ _ _ _ _ _ _ _ _ _ _ _ _ _ _ _ _ _ _ _ _ _ _ _ _ _ _ _ _ _ _ _ _ _ _ _ _ _ _ _ _ _ _ _ _ _\n\nself = <Suites.Users_profile.wallet.NegativeWalletTest object at 0x0000021FFC5CC9E0>\n\n    @allure.step('Confirm login')\n    def press_confirm_log_in_button(self):\n        try:\n            self.confirm_log_in_button.click()\n            time.sleep(5)\n            allure.attach(self.page.screenshot(), name='Log in button pressed',\n                          attachment_type=allure.attachment_type.PNG)\n            self.page.goto('https://tombriches.com/')\n    \n        except Exception as e:\n            allure.attach(self.page.screenshot(), name='Log in button is not pressed',\n                          attachment_type=allure.attachment_type.PNG)\n>           raise AssertionError from e\nE           AssertionError\n\nSuites\\Users_profile\\wallet.py:324: AssertionError"}, "steps": [{"name": "Press on Log in button", "status": "passed", "attachments": [{"name": "Log in button pressed", "source": "53b311f5-cd6e-45bb-955c-ed03e36b1814-attachment.png", "type": "image/png"}], "start": 1714566704523, "stop": 1714566704863}, {"name": "Enter credentials", "status": "passed", "attachments": [{"name": "E-mail field filled", "source": "0373cbf0-f912-4649-aee8-d11d9b0157be-attachment.png", "type": "image/png"}, {"name": "Password field filled", "source": "5d02361a-efdf-4cc5-b94e-33d7dfa2563a-attachment.png", "type": "image/png"}], "start": 1714566704863, "stop": 1714566705294}, {"name": "Confirm login", "status": "failed", "statusDetails": {"message": "AssertionError\n", "trace": "  File \"C:\\Users\\User\\Desktop\\Automation\\TR_Smoke\\.venv\\Lib\\site-packages\\allure_commons\\_allure.py\", line 192, in impl\n    return func(*a, **kw)\n           ^^^^^^^^^^^^^^\n  File \"C:\\Users\\User\\Desktop\\Automation\\TR_Smoke\\Suites\\Users_profile\\wallet.py\", line 324, in press_confirm_log_in_button\n    raise AssertionError from e\n"}, "attachments": [{"name": "Log in button is not pressed", "source": "46828494-f28c-426a-b65b-10548707dda9-attachment.png", "type": "image/png"}], "start": 1714566705294, "stop": 1714566735468}], "attachments": [{"name": "Page open", "source": "1a6e92e7-bb73-4b5b-ac06-32a244d4329b-attachment.png", "type": "image/png"}], "parameters": [{"name": "browser_name", "value": "'chromium'"}], "start": 1714566701909, "stop": 1714566735469, "uuid": "164afc93-1c56-427e-b59d-2b9bf60f3e2a", "historyId": "06802a75a703e2ba1acf08a27539c985", "testCaseId": "74b6ecf070bbd7e7e0863792e301ecbb", "fullName": "test_tr_smoke#test_wallet_negative", "labels": [{"name": "suite", "value": "Users profile suite"}, {"name": "host", "value": "DESKTOP-EFHMBBJ"}, {"name": "thread", "value": "25980-MainThread"}, {"name": "framework", "value": "pytest"}, {"name": "language", "value": "cpython3"}, {"name": "package", "value": "test_tr_smoke"}]}